1511506184479	geckodriver	INFO	Listening on 127.0.0.1:57935
1511506186561	mozprofile::profile	INFO	Using profile path C:\Users\DELL\AppData\Local\Temp\rust_mozprofile.jZTIcr0GX0i2
1511506186591	geckodriver::marionette	INFO	Starting browser C:\Program Files\Mozilla Firefox\firefox.exe
1511506186654	geckodriver::marionette	INFO	Connecting to Marionette on localhost:57943
1511506189656	Marionette	INFO	Listening on port 57943
JavaScript warning: https://static.geetest.com/static/js/fullpage.8.1.8.js, line 1: unreachable code after return statement
JavaScript warning: https://static.geetest.com/static/js/fullpage.8.1.8.js, line 1: unreachable code after return statement
JavaScript warning: https://static.geetest.com/static/js/fullpage.8.1.8.js, line 1: unreachable code after return statement
JavaScript warning: https://static.geetest.com/static/js/fullpage.8.1.8.js, line 1: unreachable code after return statement
JavaScript warning: https://static.geetest.com/static/js/fullpage.8.1.8.js, line 1: unreachable code after return statement
JavaScript warning: https://static.geetest.com/static/js/fullpage.8.1.8.js, line 1: unreachable code after return statement
JavaScript warning: https://static.geetest.com/static/js/fullpage.8.1.8.js, line 1: unreachable code after return statement
JavaScript warning: https://static.geetest.com/static/js/fullpage.8.1.8.js, line 1: unreachable code after return statement
JavaScript warning: https://static.geetest.com/static/js/fullpage.8.1.8.js, line 1: unreachable code after return statement
JavaScript warning: https://static.geetest.com/static/js/fullpage.8.1.8.js, line 1: unreachable code after return statement
JavaScript warning: https://static.geetest.com/static/js/fullpage.8.1.8.js, line 1: unreachable code after return statement
JavaScript warning: https://static.geetest.com/static/js/fullpage.8.1.8.js, line 1: unreachable code after return statement
JavaScript warning: https://static.geetest.com/static/js/fullpage.8.1.8.js, line 1: unreachable code after return statement
JavaScript warning: https://static.geetest.com/static/js/fullpage.8.1.8.js, line 1: unreachable code after return statement
JavaScript warning: https://static.geetest.com/static/js/fullpage.8.1.8.js, line 1: unreachable code after return statement
JavaScript warning: https://static.geetest.com/static/js/fullpage.8.1.8.js, line 1: unreachable code after return statement
JavaScript warning: https://static.geetest.com/static/js/fullpage.8.1.8.js, line 1: unreachable code after return statement
JavaScript warning: https://static.geetest.com/static/js/fullpage.8.1.8.js, line 1: unreachable code after return statement
JavaScript warning: https://static.geetest.com/static/js/fullpage.8.1.8.js, line 1: unreachable code after return statement
JavaScript warning: https://static.geetest.com/static/js/fullpage.8.1.8.js, line 1: unreachable code after return statement
JavaScript warning: https://static.geetest.com/static/js/fullpage.8.1.8.js, line 1: unreachable code after return statement
JavaScript warning: https://static.geetest.com/static/js/fullpage.8.1.8.js, line 1: unreachable code after return statement
JavaScript warning: https://static.geetest.com/static/js/fullpage.8.1.8.js, line 1: unreachable code after return statement
JavaScript warning: https://static.geetest.com/static/js/fullpage.8.1.8.js, line 1: unreachable code after return statement
JavaScript warning: https://static.geetest.com/static/js/fullpage.8.1.8.js, line 1: unreachable code after return statement
JavaScript warning: https://static.geetest.com/static/js/fullpage.8.1.8.js, line 1: unreachable code after return statement
JavaScript warning: https://static.geetest.com/static/js/fullpage.8.1.8.js, line 1: unreachable code after return statement
JavaScript warning: https://static.geetest.com/static/js/fullpage.8.1.8.js, line 1: unreachable code after return statement
JavaScript warning: https://static.geetest.com/static/js/fullpage.8.1.8.js, line 1: unreachable code after return statement
JavaScript warning: https://static.geetest.com/static/js/fullpage.8.1.8.js, line 1: unreachable code after return statement
JavaScript warning: https://static.geetest.com/static/js/fullpage.8.1.8.js, line 1: unreachable code after return statement
JavaScript warning: https://static.geetest.com/static/js/fullpage.8.1.8.js, line 1: unreachable code after return statement
JavaScript warning: https://static.geetest.com/static/js/fullpage.8.1.8.js, line 1: unreachable code after return statement
JavaScript warning: https://static.geetest.com/static/js/fullpage.8.1.8.js, line 1: unreachable code after return statement
JavaScript warning: https://static.geetest.com/static/js/fullpage.8.1.8.js, line 1: unreachable code after return statement
JavaScript warning: https://static.geetest.com/static/js/fullpage.8.1.8.js, line 1: unreachable code after return statement
JavaScript warning: https://static.geetest.com/static/js/fullpage.8.1.8.js, line 1: unreachable code after return statement
JavaScript warning: https://static.geetest.com/static/js/fullpage.8.1.8.js, line 1: unreachable code after return statement
JavaScript warning: https://static.geetest.com/static/js/fullpage.8.1.8.js, line 1: unreachable code after return statement
JavaScript warning: https://static.geetest.com/static/js/fullpage.8.1.8.js, line 1: unreachable code after return statement
JavaScript warning: https://static.geetest.com/static/js/fullpage.8.1.8.js, line 1: unreachable code after return statement
JavaScript warning: https://static.geetest.com/static/js/fullpage.8.1.8.js, line 1: unreachable code after return statement
JavaScript warning: https://static.geetest.com/static/js/fullpage.8.1.8.js, line 1: unreachable code after return statement
JavaScript warning: https://static.geetest.com/static/js/fullpage.8.1.8.js, line 1: unreachable code after return statement
JavaScript warning: https://static.geetest.com/static/js/fullpage.8.1.8.js, line 1: unreachable code after return statement
JavaScript warning: https://static.geetest.com/static/js/fullpage.8.1.8.js, line 1: unreachable code after return statement
JavaScript warning: https://static.geetest.com/static/js/fullpage.8.1.8.js, line 1: unreachable code after return statement
JavaScript warning: https://static.geetest.com/static/js/fullpage.8.1.8.js, line 1: unreachable code after return statement
JavaScript warning: https://static.geetest.com/static/js/fullpage.8.1.8.js, line 1: unreachable code after return statement
JavaScript warning: https://static.geetest.com/static/js/fullpage.8.1.8.js, line 1: unreachable code after return statement
JavaScript warning: https://static.geetest.com/static/js/fullpage.8.1.8.js, line 1: unreachable code after return statement
JavaScript warning: https://static.geetest.com/static/js/fullpage.8.1.8.js, line 1: unreachable code after return statement
JavaScript warning: https://static.geetest.com/static/js/fullpage.8.1.8.js, line 1: unreachable code after return statement
JavaScript warning: https://static.geetest.com/static/js/fullpage.8.1.8.js, line 1: unreachable code after return statement
JavaScript warning: https://static.geetest.com/static/js/fullpage.8.1.8.js, line 1: unreachable code after return statement
JavaScript warning: https://static.geetest.com/static/js/fullpage.8.1.8.js, line 1: unreachable code after return statement
JavaScript warning: https://static.geetest.com/static/js/fullpage.8.1.8.js, line 1: unreachable code after return statement
JavaScript warning: https://static.geetest.com/static/js/fullpage.8.1.8.js, line 1: unreachable code after return statement
JavaScript warning: https://static.geetest.com/static/js/fullpage.8.1.8.js, line 1: unreachable code after return statement
JavaScript warning: https://static.geetest.com/static/js/fullpage.8.1.8.js, line 1: unreachable code after return statement
JavaScript warning: https://static.geetest.com/static/js/fullpage.8.1.8.js, line 1: unreachable code after return statement
JavaScript warning: https://static.geetest.com/static/js/fullpage.8.1.8.js, line 1: unreachable code after return statement
JavaScript warning: https://static.geetest.com/static/js/fullpage.8.1.8.js, line 1: unreachable code after return statement
JavaScript warning: https://static.geetest.com/static/js/fullpage.8.1.8.js, line 1: unreachable code after return statement
JavaScript warning: https://static.geetest.com/static/js/fullpage.8.1.8.js, line 1: unreachable code after return statement
JavaScript warning: https://static.geetest.com/static/js/fullpage.8.1.8.js, line 1: unreachable code after return statement
JavaScript warning: https://static.geetest.com/static/js/fullpage.8.1.8.js, line 1: unreachable code after return statement
JavaScript warning: https://static.geetest.com/static/js/fullpage.8.1.8.js, line 1: unreachable code after return statement
JavaScript warning: https://static.geetest.com/static/js/fullpage.8.1.8.js, line 1: unreachable code after return statement
JavaScript warning: https://static.geetest.com/static/js/fullpage.8.1.8.js, line 1: unreachable code after return statement
JavaScript warning: https://static.geetest.com/static/js/fullpage.8.1.8.js, line 1: unreachable code after return statement
JavaScript warning: https://static.geetest.com/static/js/fullpage.8.1.8.js, line 1: unreachable code after return statement
JavaScript warning: https://static.geetest.com/static/js/fullpage.8.1.8.js, line 1: unreachable code after return statement
JavaScript warning: https://static.geetest.com/static/js/fullpage.8.1.8.js, line 1: unreachable code after return statement
JavaScript warning: https://static.geetest.com/static/js/fullpage.8.1.8.js, line 1: unreachable code after return statement
JavaScript warning: https://static.geetest.com/static/js/fullpage.8.1.8.js, line 1: unreachable code after return statement
JavaScript warning: https://static.geetest.com/static/js/fullpage.8.1.8.js, line 1: unreachable code after return statement
JavaScript warning: https://static.geetest.com/static/js/fullpage.8.1.8.js, line 1: unreachable code after return statement
JavaScript warning: https://static.geetest.com/static/js/fullpage.8.1.8.js, line 1: unreachable code after return statement
JavaScript warning: https://static.geetest.com/static/js/fullpage.8.1.8.js, line 1: unreachable code after return statement
JavaScript warning: https://static.geetest.com/static/js/fullpage.8.1.8.js, line 1: unreachable code after return statement
JavaScript warning: https://static.geetest.com/static/js/fullpage.8.1.8.js, line 1: unreachable code after return statement
JavaScript warning: https://static.geetest.com/static/js/fullpage.8.1.8.js, line 1: unreachable code after return statement
JavaScript warning: https://static.geetest.com/static/js/fullpage.8.1.8.js, line 1: unreachable code after return statement
JavaScript warning: https://static.geetest.com/static/js/fullpage.8.1.8.js, line 1: unreachable code after return statement
JavaScript warning: https://static.geetest.com/static/js/fullpage.8.1.8.js, line 1: unreachable code after return statement
JavaScript warning: https://static.geetest.com/static/js/fullpage.8.1.8.js, line 1: unreachable code after return statement
JavaScript warning: https://static.geetest.com/static/js/fullpage.8.1.8.js, line 1: unreachable code after return statement
JavaScript warning: https://static.geetest.com/static/js/fullpage.8.1.8.js, line 1: unreachable code after return statement
JavaScript warning: https://static.geetest.com/static/js/fullpage.8.1.8.js, line 1: unreachable code after return statement
JavaScript warning: https://static.geetest.com/static/js/fullpage.8.1.8.js, line 1: unreachable code after return statement
JavaScript warning: https://static.geetest.com/static/js/fullpage.8.1.8.js, line 1: unreachable code after return statement
JavaScript warning: https://static.geetest.com/static/js/fullpage.8.1.8.js, line 1: unreachable code after return statement
JavaScript warning: https://static.geetest.com/static/js/fullpage.8.1.8.js, line 1: unreachable code after return statement
JavaScript warning: https://static.geetest.com/static/js/fullpage.8.1.8.js, line 1: unreachable code after return statement
JavaScript warning: https://static.geetest.com/static/js/fullpage.8.1.8.js, line 1: unreachable code after return statement
JavaScript warning: https://static.geetest.com/static/js/fullpage.8.1.8.js, line 1: unreachable code after return statement
JavaScript warning: https://static.geetest.com/static/js/fullpage.8.1.8.js, line 1: unreachable code after return statement
JavaScript warning: https://static.geetest.com/static/js/fullpage.8.1.8.js, line 1: unreachable code after return statement
JavaScript warning: https://static.geetest.com/static/js/fullpage.8.1.8.js, line 1: unreachable code after return statement
JavaScript warning: https://static.geetest.com/static/js/fullpage.8.1.8.js, line 1: unreachable code after return statement
JavaScript warning: https://static.geetest.com/static/js/fullpage.8.1.8.js, line 1: unreachable code after return statement
JavaScript warning: https://static.geetest.com/static/js/fullpage.8.1.8.js, line 1: unreachable code after return statement
JavaScript warning: https://static.geetest.com/static/js/fullpage.8.1.8.js, line 1: unreachable code after return statement
JavaScript warning: https://static.geetest.com/static/js/fullpage.8.1.8.js, line 1: unreachable code after return statement
JavaScript warning: https://static.geetest.com/static/js/fullpage.8.1.8.js, line 1: unreachable code after return statement
JavaScript warning: https://static.geetest.com/static/js/fullpage.8.1.8.js, line 1: unreachable code after return statement
JavaScript warning: https://static.geetest.com/static/js/fullpage.8.1.8.js, line 1: unreachable code after return statement
JavaScript warning: https://static.geetest.com/static/js/fullpage.8.1.8.js, line 1: unreachable code after return statement
JavaScript warning: https://static.geetest.com/static/js/fullpage.8.1.8.js, line 1: unreachable code after return statement
JavaScript warning: https://static.geetest.com/static/js/fullpage.8.1.8.js, line 1: unreachable code after return statement
JavaScript warning: https://static.geetest.com/static/js/fullpage.8.1.8.js, line 1: unreachable code after return statement
JavaScript warning: https://static.geetest.com/static/js/fullpage.8.1.8.js, line 1: unreachable code after return statement
JavaScript warning: https://static.geetest.com/static/js/fullpage.8.1.8.js, line 1: unreachable code after return statement
JavaScript warning: https://static.geetest.com/static/js/fullpage.8.1.8.js, line 1: unreachable code after return statement
JavaScript warning: https://static.geetest.com/static/js/fullpage.8.1.8.js, line 1: unreachable code after return statement
JavaScript warning: https://static.geetest.com/static/js/fullpage.8.1.8.js, line 1: unreachable code after return statement
JavaScript warning: https://static.geetest.com/static/js/fullpage.8.1.8.js, line 1: unreachable code after return statement
JavaScript warning: https://static.geetest.com/static/js/fullpage.8.1.8.js, line 1: unreachable code after return statement
JavaScript warning: https://static.geetest.com/static/js/fullpage.8.1.8.js, line 1: unreachable code after return statement
JavaScript warning: https://static.geetest.com/static/js/fullpage.8.1.8.js, line 1: unreachable code after return statement
JavaScript warning: https://static.geetest.com/static/js/fullpage.8.1.8.js, line 1: unreachable code after return statement
JavaScript warning: https://static.geetest.com/static/js/fullpage.8.1.8.js, line 1: unreachable code after return statement
JavaScript warning: https://static.geetest.com/static/js/fullpage.8.1.8.js, line 1: unreachable code after return statement
JavaScript warning: https://static.geetest.com/static/js/fullpage.8.1.8.js, line 1: unreachable code after return statement
JavaScript warning: https://static.geetest.com/static/js/fullpage.8.1.8.js, line 1: unreachable code after return statement
JavaScript warning: https://static.geetest.com/static/js/fullpage.8.1.8.js, line 1: unreachable code after return statement
JavaScript warning: https://static.geetest.com/static/js/fullpage.8.1.8.js, line 1: unreachable code after return statement
JavaScript warning: https://static.geetest.com/static/js/fullpage.8.1.8.js, line 1: unreachable code after return statement
JavaScript warning: https://static.geetest.com/static/js/fullpage.8.1.8.js, line 1: unreachable code after return statement
JavaScript warning: https://static.geetest.com/static/js/fullpage.8.1.8.js, line 1: unreachable code after return statement
JavaScript warning: https://static.geetest.com/static/js/fullpage.8.1.8.js, line 1: unreachable code after return statement
JavaScript warning: https://static.geetest.com/static/js/fullpage.8.1.8.js, line 1: unreachable code after return statement
JavaScript warning: https://static.geetest.com/static/js/fullpage.8.1.8.js, line 1: unreachable code after return statement
JavaScript warning: https://static.geetest.com/static/js/fullpage.8.1.8.js, line 1: unreachable code after return statement
JavaScript warning: https://static.geetest.com/static/js/fullpage.8.1.8.js, line 1: unreachable code after return statement
JavaScript warning: https://static.geetest.com/static/js/fullpage.8.1.8.js, line 1: unreachable code after return statement
JavaScript warning: https://static.geetest.com/static/js/fullpage.8.1.8.js, line 1: unreachable code after return statement
JavaScript warning: https://static.geetest.com/static/js/fullpage.8.1.8.js, line 1: unreachable code after return statement
JavaScript warning: https://static.geetest.com/static/js/fullpage.8.1.8.js, line 1: unreachable code after return statement
JavaScript warning: https://static.geetest.com/static/js/fullpage.8.1.8.js, line 1: unreachable code after return statement
JavaScript warning: https://static.geetest.com/static/js/fullpage.8.1.8.js, line 1: unreachable code after return statement
JavaScript warning: https://static.geetest.com/static/js/fullpage.8.1.8.js, line 1: unreachable code after return statement
JavaScript warning: https://static.geetest.com/static/js/fullpage.8.1.8.js, line 1: unreachable code after return statement
JavaScript warning: https://static.geetest.com/static/js/fullpage.8.1.8.js, line 1: unreachable code after return statement
JavaScript warning: https://static.geetest.com/static/js/fullpage.8.1.8.js, line 1: unreachable code after return statement
JavaScript warning: https://static.geetest.com/static/js/fullpage.8.1.8.js, line 1: unreachable code after return statement
JavaScript warning: https://static.geetest.com/static/js/fullpage.8.1.8.js, line 1: unreachable code after return statement
JavaScript warning: https://static.geetest.com/static/js/fullpage.8.1.8.js, line 1: unreachable code after return statement
JavaScript warning: https://static.geetest.com/static/js/fullpage.8.1.8.js, line 1: unreachable code after return statement
JavaScript warning: https://static.geetest.com/static/js/fullpage.8.1.8.js, line 1: unreachable code after return statement
JavaScript warning: https://static.geetest.com/static/js/fullpage.8.1.8.js, line 1: unreachable code after return statement
JavaScript warning: https://static.geetest.com/static/js/fullpage.8.1.8.js, line 1: unreachable code after return statement
JavaScript warning: https://static.geetest.com/static/js/fullpage.8.1.8.js, line 1: unreachable code after return statement
JavaScript warning: https://static.geetest.com/static/js/fullpage.8.1.8.js, line 1: unreachable code after return statement
JavaScript warning: https://static.geetest.com/static/js/fullpage.8.1.8.js, line 1: unreachable code after return statement
JavaScript warning: https://static.geetest.com/static/js/fullpage.8.1.8.js, line 1: unreachable code after return statement
JavaScript warning: https://static.geetest.com/static/js/fullpage.8.1.8.js, line 1: unreachable code after return statement
JavaScript warning: https://static.geetest.com/static/js/fullpage.8.1.8.js, line 1: unreachable code after return statement
JavaScript warning: https://static.geetest.com/static/js/fullpage.8.1.8.js, line 1: unreachable code after return statement
JavaScript warning: https://static.geetest.com/static/js/fullpage.8.1.8.js, line 1: unreachable code after return statement
JavaScript warning: https://static.geetest.com/static/js/fullpage.8.1.8.js, line 1: unreachable code after return statement
JavaScript warning: https://static.geetest.com/static/js/fullpage.8.1.8.js, line 1: unreachable code after return statement
JavaScript warning: https://static.geetest.com/static/js/fullpage.8.1.8.js, line 1: unreachable code after return statement
JavaScript warning: https://static.geetest.com/static/js/fullpage.8.1.8.js, line 1: unreachable code after return statement
JavaScript warning: https://static.geetest.com/static/js/fullpage.8.1.8.js, line 1: unreachable code after return statement
JavaScript warning: https://static.geetest.com/static/js/fullpage.8.1.8.js, line 1: unreachable code after return statement
JavaScript warning: https://static.geetest.com/static/js/fullpage.8.1.8.js, line 1: unreachable code after return statement
JavaScript warning: https://static.geetest.com/static/js/fullpage.8.1.8.js, line 1: unreachable code after return statement
JavaScript warning: https://static.geetest.com/static/js/fullpage.8.1.8.js, line 1: unreachable code after return statement
JavaScript warning: https://static.geetest.com/static/js/fullpage.8.1.8.js, line 1: unreachable code after return statement
JavaScript warning: https://static.geetest.com/static/js/fullpage.8.1.8.js, line 1: unreachable code after return statement
JavaScript warning: https://static.geetest.com/static/js/fullpage.8.1.8.js, line 1: unreachable code after return statement
JavaScript warning: https://static.geetest.com/static/js/fullpage.8.1.8.js, line 1: unreachable code after return statement
JavaScript warning: https://static.geetest.com/static/js/fullpage.8.1.8.js, line 1: unreachable code after return statement
JavaScript warning: https://static.geetest.com/static/js/fullpage.8.1.8.js, line 1: unreachable code after return statement
JavaScript warning: https://static.geetest.com/static/js/fullpage.8.1.8.js, line 1: unreachable code after return statement
JavaScript warning: https://static.geetest.com/static/js/fullpage.8.1.8.js, line 1: unreachable code after return statement
JavaScript warning: https://static.geetest.com/static/js/fullpage.8.1.8.js, line 1: unreachable code after return statement
JavaScript warning: https://static.geetest.com/static/js/fullpage.8.1.8.js, line 1: unreachable code after return statement
JavaScript warning: https://static.geetest.com/static/js/fullpage.8.1.8.js, line 1: unreachable code after return statement
JavaScript warning: https://static.geetest.com/static/js/fullpage.8.1.8.js, line 1: unreachable code after return statement
JavaScript warning: https://static.geetest.com/static/js/fullpage.8.1.8.js, line 1: unreachable code after return statement
JavaScript warning: https://static.geetest.com/static/js/fullpage.8.1.8.js, line 1: unreachable code after return statement
JavaScript warning: https://static.geetest.com/static/js/fullpage.8.1.8.js, line 1: unreachable code after return statement
JavaScript warning: https://static.geetest.com/static/js/fullpage.8.1.8.js, line 1: unreachable code after return statement
JavaScript warning: https://static.geetest.com/static/js/fullpage.8.1.8.js, line 1: unreachable code after return statement
JavaScript warning: https://static.geetest.com/static/js/fullpage.8.1.8.js, line 1: unreachable code after return statement
JavaScript warning: https://static.geetest.com/static/js/fullpage.8.1.8.js, line 1: unreachable code after return statement
JavaScript warning: https://static.geetest.com/static/js/fullpage.8.1.8.js, line 1: unreachable code after return statement
JavaScript warning: https://static.geetest.com/static/js/fullpage.8.1.8.js, line 1: unreachable code after return statement
JavaScript warning: https://static.geetest.com/static/js/fullpage.8.1.8.js, line 1: unreachable code after return statement
JavaScript warning: https://static.geetest.com/static/js/fullpage.8.1.8.js, line 1: unreachable code after return statement
JavaScript warning: https://static.geetest.com/static/js/fullpage.8.1.8.js, line 1: unreachable code after return statement
JavaScript warning: https://static.geetest.com/static/js/fullpage.8.1.8.js, line 1: unreachable code after return statement
JavaScript warning: https://static.geetest.com/static/js/fullpage.8.1.8.js, line 1: unreachable code after return statement
JavaScript warning: https://static.geetest.com/static/js/fullpage.8.1.8.js, line 1: unreachable code after return statement
JavaScript warning: https://static.geetest.com/static/js/fullpage.8.1.8.js, line 1: unreachable code after return statement
JavaScript warning: https://static.geetest.com/static/js/fullpage.8.1.8.js, line 1: unreachable code after return statement
JavaScript warning: https://static.geetest.com/static/js/fullpage.8.1.8.js, line 1: unreachable code after return statement
JavaScript warning: https://static.geetest.com/static/js/fullpage.8.1.8.js, line 1: unreachable code after return statement
JavaScript warning: https://static.geetest.com/static/js/fullpage.8.1.8.js, line 1: unreachable code after return statement
JavaScript warning: https://static.geetest.com/static/js/fullpage.8.1.8.js, line 1: unreachable code after return statement
JavaScript warning: https://static.geetest.com/static/js/fullpage.8.1.8.js, line 1: unreachable code after return statement
JavaScript warning: https://static.geetest.com/static/js/fullpage.8.1.8.js, line 1: unreachable code after return statement
JavaScript warning: https://static.geetest.com/static/js/fullpage.8.1.8.js, line 1: unreachable code after return statement
JavaScript warning: https://static.geetest.com/static/js/fullpage.8.1.8.js, line 1: unreachable code after return statement
JavaScript warning: https://static.geetest.com/static/js/fullpage.8.1.8.js, line 1: unreachable code after return statement
JavaScript warning: https://static.geetest.com/static/js/fullpage.8.1.8.js, line 1: unreachable code after return statement
JavaScript warning: https://static.geetest.com/static/js/fullpage.8.1.8.js, line 1: unreachable code after return statement
JavaScript warning: https://static.geetest.com/static/js/fullpage.8.1.8.js, line 1: unreachable code after return statement
JavaScript warning: https://static.geetest.com/static/js/fullpage.8.1.8.js, line 1: unreachable code after return statement
JavaScript warning: https://static.geetest.com/static/js/fullpage.8.1.8.js, line 1: unreachable code after return statement
JavaScript warning: https://static.geetest.com/static/js/fullpage.8.1.8.js, line 1: unreachable code after return statement
JavaScript warning: https://static.geetest.com/static/js/fullpage.8.1.8.js, line 1: unreachable code after return statement
JavaScript warning: https://static.geetest.com/static/js/fullpage.8.1.8.js, line 1: unreachable code after return statement
JavaScript warning: https://static.geetest.com/static/js/fullpage.8.1.8.js, line 1: unreachable code after return statement
JavaScript warning: https://static.geetest.com/static/js/fullpage.8.1.8.js, line 1: unreachable code after return statement
JavaScript warning: https://static.geetest.com/static/js/fullpage.8.1.8.js, line 1: unreachable code after return statement
JavaScript warning: https://static.geetest.com/static/js/fullpage.8.1.8.js, line 1: unreachable code after return statement
JavaScript warning: https://static.geetest.com/static/js/fullpage.8.1.8.js, line 1: unreachable code after return statement
JavaScript warning: https://static.geetest.com/static/js/fullpage.8.1.8.js, line 1: unreachable code after return statement
JavaScript warning: https://static.geetest.com/static/js/fullpage.8.1.8.js, line 1: unreachable code after return statement
JavaScript warning: https://static.geetest.com/static/js/fullpage.8.1.8.js, line 1: unreachable code after return statement
JavaScript warning: https://static.geetest.com/static/js/fullpage.8.1.8.js, line 1: unreachable code after return statement
JavaScript warning: https://static.geetest.com/static/js/fullpage.8.1.8.js, line 1: unreachable code after return statement
JavaScript warning: https://static.geetest.com/static/js/fullpage.8.1.8.js, line 1: unreachable code after return statement
JavaScript warning: https://static.geetest.com/static/js/fullpage.8.1.8.js, line 1: unreachable code after return statement
JavaScript warning: https://static.geetest.com/static/js/fullpage.8.1.8.js, line 1: unreachable code after return statement
JavaScript warning: https://static.geetest.com/static/js/fullpage.8.1.8.js, line 1: unreachable code after return statement
JavaScript warning: https://static.geetest.com/static/js/fullpage.8.1.8.js, line 1: unreachable code after return statement
JavaScript warning: https://static.geetest.com/static/js/fullpage.8.1.8.js, line 1: unreachable code after return statement
JavaScript warning: https://static.geetest.com/static/js/fullpage.8.1.8.js, line 1: unreachable code after return statement
JavaScript warning: https://static.geetest.com/static/js/fullpage.8.1.8.js, line 1: unreachable code after return statement
JavaScript warning: https://static.geetest.com/static/js/fullpage.8.1.8.js, line 1: unreachable code after return statement
JavaScript warning: https://static.geetest.com/static/js/fullpage.8.1.8.js, line 1: unreachable code after return statement
JavaScript warning: https://static.geetest.com/static/js/fullpage.8.1.8.js, line 1: unreachable code after return statement
JavaScript warning: https://static.geetest.com/static/js/fullpage.8.1.8.js, line 1: unreachable code after return statement
JavaScript warning: https://static.geetest.com/static/js/fullpage.8.1.8.js, line 1: unreachable code after return statement
JavaScript warning: https://static.geetest.com/static/js/fullpage.8.1.8.js, line 1: unreachable code after return statement
JavaScript warning: https://static.geetest.com/static/js/fullpage.8.1.8.js, line 1: unreachable code after return statement
JavaScript warning: https://static.geetest.com/static/js/fullpage.8.1.8.js, line 1: unreachable code after return statement
JavaScript warning: https://static.geetest.com/static/js/fullpage.8.1.8.js, line 1: unreachable code after return statement
JavaScript warning: https://static.geetest.com/static/js/fullpage.8.1.8.js, line 1: unreachable code after return statement
JavaScript warning: https://static.geetest.com/static/js/fullpage.8.1.8.js, line 1: unreachable code after return statement
JavaScript warning: https://static.geetest.com/static/js/fullpage.8.1.8.js, line 1: unreachable code after return statement
JavaScript warning: https://static.geetest.com/static/js/fullpage.8.1.8.js, line 1: unreachable code after return statement
JavaScript warning: https://static.geetest.com/static/js/fullpage.8.1.8.js, line 1: unreachable code after return statement
JavaScript warning: https://static.geetest.com/static/js/fullpage.8.1.8.js, line 1: unreachable code after return statement
JavaScript warning: https://static.geetest.com/static/js/fullpage.8.1.8.js, line 1: unreachable code after return statement
JavaScript warning: https://static.geetest.com/static/js/fullpage.8.1.8.js, line 1: unreachable code after return statement
JavaScript warning: https://static.geetest.com/static/js/fullpage.8.1.8.js, line 1: unreachable code after return statement
JavaScript warning: https://static.geetest.com/static/js/fullpage.8.1.8.js, line 1: unreachable code after return statement
JavaScript warning: https://static.geetest.com/static/js/fullpage.8.1.8.js, line 1: unreachable code after return statement
JavaScript warning: https://static.geetest.com/static/js/fullpage.8.1.8.js, line 1: unreachable code after return statement
JavaScript warning: https://static.geetest.com/static/js/fullpage.8.1.8.js, line 1: unreachable code after return statement
JavaScript warning: https://static.geetest.com/static/js/fullpage.8.1.8.js, line 1: unreachable code after return statement
JavaScript warning: https://static.geetest.com/static/js/fullpage.8.1.8.js, line 1: unreachable code after return statement
JavaScript warning: https://static.geetest.com/static/js/fullpage.8.1.8.js, line 1: unreachable code after return statement
JavaScript warning: https://static.geetest.com/static/js/fullpage.8.1.8.js, line 1: unreachable code after return statement
JavaScript warning: https://static.geetest.com/static/js/fullpage.8.1.8.js, line 1: unreachable code after return statement
JavaScript warning: https://static.geetest.com/static/js/fullpage.8.1.8.js, line 1: unreachable code after return statement
JavaScript warning: https://static.geetest.com/static/js/fullpage.8.1.8.js, line 1: unreachable code after return statement
JavaScript warning: https://static.geetest.com/static/js/fullpage.8.1.8.js, line 1: unreachable code after return statement
JavaScript warning: https://static.geetest.com/static/js/fullpage.8.1.8.js, line 1: unreachable code after return statement
JavaScript warning: https://static.geetest.com/static/js/fullpage.8.1.8.js, line 1: unreachable code after return statement
JavaScript warning: https://static.geetest.com/static/js/fullpage.8.1.8.js, line 1: unreachable code after return statement
JavaScript warning: https://static.geetest.com/static/js/fullpage.8.1.8.js, line 1: unreachable code after return statement
JavaScript warning: https://static.geetest.com/static/js/fullpage.8.1.8.js, line 1: unreachable code after return statement
JavaScript warning: https://static.geetest.com/static/js/fullpage.8.1.8.js, line 1: unreachable code after return statement
JavaScript warning: https://static.geetest.com/static/js/fullpage.8.1.8.js, line 1: unreachable code after return statement
JavaScript warning: https://static.geetest.com/static/js/fullpage.8.1.8.js, line 1: unreachable code after return statement
JavaScript warning: https://static.geetest.com/static/js/fullpage.8.1.8.js, line 1: unreachable code after return statement
JavaScript warning: https://static.geetest.com/static/js/fullpage.8.1.8.js, line 1: unreachable code after return statement
JavaScript warning: https://static.geetest.com/static/js/fullpage.8.1.8.js, line 1: unreachable code after return statement
JavaScript warning: https://static.geetest.com/static/js/fullpage.8.1.8.js, line 1: unreachable code after return statement
JavaScript warning: https://static.geetest.com/static/js/fullpage.8.1.8.js, line 1: unreachable code after return statement
JavaScript warning: https://static.geetest.com/static/js/fullpage.8.1.8.js, line 1: unreachable code after return statement
JavaScript warning: https://static.geetest.com/static/js/fullpage.8.1.8.js, line 1: unreachable code after return statement
JavaScript warning: https://static.geetest.com/static/js/fullpage.8.1.8.js, line 1: unreachable code after return statement
JavaScript warning: https://static.geetest.com/static/js/fullpage.8.1.8.js, line 1: unreachable code after return statement
JavaScript warning: https://static.geetest.com/static/js/fullpage.8.1.8.js, line 1: unreachable code after return statement
JavaScript warning: https://static.geetest.com/static/js/fullpage.8.1.8.js, line 1: unreachable code after return statement
JavaScript warning: https://static.geetest.com/static/js/fullpage.8.1.8.js, line 1: unreachable code after return statement
JavaScript warning: https://static.geetest.com/static/js/fullpage.8.1.8.js, line 1: unreachable code after return statement
JavaScript warning: https://static.geetest.com/static/js/fullpage.8.1.8.js, line 1: unreachable code after return statement
JavaScript warning: https://static.geetest.com/static/js/fullpage.8.1.8.js, line 1: unreachable code after return statement
JavaScript warning: https://static.geetest.com/static/js/fullpage.8.1.8.js, line 1: unreachable code after return statement
JavaScript warning: https://static.geetest.com/static/js/fullpage.8.1.8.js, line 1: unreachable code after return statement
JavaScript warning: https://static.geetest.com/static/js/fullpage.8.1.8.js, line 1: unreachable code after return statement
JavaScript warning: https://static.geetest.com/static/js/fullpage.8.1.8.js, line 1: unreachable code after return statement
JavaScript warning: https://static.geetest.com/static/js/fullpage.8.1.8.js, line 1: unreachable code after return statement
JavaScript warning: https://static.geetest.com/static/js/fullpage.8.1.8.js, line 1: unreachable code after return statement
JavaScript warning: https://static.geetest.com/static/js/fullpage.8.1.8.js, line 1: unreachable code after return statement
JavaScript warning: https://static.geetest.com/static/js/fullpage.8.1.8.js, line 1: unreachable code after return statement
JavaScript warning: https://static.geetest.com/static/js/fullpage.8.1.8.js, line 1: unreachable code after return statement
JavaScript warning: https://static.geetest.com/static/js/fullpage.8.1.8.js, line 1: unreachable code after return statement
JavaScript warning: https://static.geetest.com/static/js/fullpage.8.1.8.js, line 1: unreachable code after return statement
JavaScript warning: https://static.geetest.com/static/js/fullpage.8.1.8.js, line 1: unreachable code after return statement
JavaScript warning: https://static.geetest.com/static/js/fullpage.8.1.8.js, line 1: unreachable code after return statement
JavaScript warning: https://static.geetest.com/static/js/fullpage.8.1.8.js, line 1: unreachable code after return statement
JavaScript warning: https://static.geetest.com/static/js/fullpage.8.1.8.js, line 1: unreachable code after return statement
JavaScript warning: https://static.geetest.com/static/js/fullpage.8.1.8.js, line 1: unreachable code after return statement
JavaScript warning: https://static.geetest.com/static/js/fullpage.8.1.8.js, line 1: unreachable code after return statement
JavaScript warning: https://static.geetest.com/static/js/fullpage.8.1.8.js, line 1: unreachable code after return statement
JavaScript warning: https://static.geetest.com/static/js/fullpage.8.1.8.js, line 1: unreachable code after return statement
JavaScript warning: https://static.geetest.com/static/js/fullpage.8.1.8.js, line 1: unreachable code after return statement
JavaScript warning: https://static.geetest.com/static/js/fullpage.8.1.8.js, line 1: unreachable code after return statement
JavaScript warning: https://static.geetest.com/static/js/fullpage.8.1.8.js, line 1: unreachable code after return statement
JavaScript warning: https://static.geetest.com/static/js/fullpage.8.1.8.js, line 1: unreachable code after return statement
JavaScript warning: https://static.geetest.com/static/js/fullpage.8.1.8.js, line 1: unreachable code after return statement
JavaScript warning: https://static.geetest.com/static/js/fullpage.8.1.8.js, line 1: unreachable code after return statement
JavaScript warning: https://static.geetest.com/static/js/fullpage.8.1.8.js, line 1: unreachable code after return statement
JavaScript warning: https://static.geetest.com/static/js/fullpage.8.1.8.js, line 1: unreachable code after return statement
JavaScript warning: https://static.geetest.com/static/js/fullpage.8.1.8.js, line 1: unreachable code after return statement
JavaScript warning: https://static.geetest.com/static/js/fullpage.8.1.8.js, line 1: unreachable code after return statement
JavaScript warning: https://static.geetest.com/static/js/fullpage.8.1.8.js, line 1: unreachable code after return statement
JavaScript warning: https://static.geetest.com/static/js/fullpage.8.1.8.js, line 1: unreachable code after return statement
JavaScript warning: https://static.geetest.com/static/js/fullpage.8.1.8.js, line 1: unreachable code after return statement
JavaScript warning: https://static.geetest.com/static/js/fullpage.8.1.8.js, line 1: unreachable code after return statement
JavaScript warning: https://static.geetest.com/static/js/fullpage.8.1.8.js, line 1: unreachable code after return statement
JavaScript warning: https://static.geetest.com/static/js/fullpage.8.1.8.js, line 1: unreachable code after return statement
JavaScript warning: https://static.geetest.com/static/js/fullpage.8.1.8.js, line 1: unreachable code after return statement
JavaScript warning: https://static.geetest.com/static/js/fullpage.8.1.8.js, line 1: unreachable code after return statement
JavaScript warning: https://static.geetest.com/static/js/fullpage.8.1.8.js, line 1: unreachable code after return statement
JavaScript warning: https://static.geetest.com/static/js/fullpage.8.1.8.js, line 1: unreachable code after return statement
JavaScript warning: https://static.geetest.com/static/js/fullpage.8.1.8.js, line 1: unreachable code after return statement
JavaScript warning: https://static.geetest.com/static/js/fullpage.8.1.8.js, line 1: unreachable code after return statement
JavaScript warning: https://static.geetest.com/static/js/fullpage.8.1.8.js, line 1: unreachable code after return statement
JavaScript warning: https://static.geetest.com/static/js/fullpage.8.1.8.js, line 1: unreachable code after return statement
JavaScript warning: https://static.geetest.com/static/js/fullpage.8.1.8.js, line 1: unreachable code after return statement
JavaScript warning: https://static.geetest.com/static/js/fullpage.8.1.8.js, line 1: unreachable code after return statement
JavaScript warning: https://static.geetest.com/static/js/fullpage.8.1.8.js, line 1: unreachable code after return statement
JavaScript warning: https://static.geetest.com/static/js/fullpage.8.1.8.js, line 1: unreachable code after return statement
JavaScript warning: https://static.geetest.com/static/js/fullpage.8.1.8.js, line 1: unreachable code after return statement
JavaScript warning: https://static.geetest.com/static/js/fullpage.8.1.8.js, line 1: unreachable code after return statement
JavaScript warning: https://static.geetest.com/static/js/fullpage.8.1.8.js, line 1: unreachable code after return statement
JavaScript warning: https://static.geetest.com/static/js/fullpage.8.1.8.js, line 1: unreachable code after return statement
JavaScript warning: https://static.geetest.com/static/js/fullpage.8.1.8.js, line 1: unreachable code after return statement
JavaScript warning: https://static.geetest.com/static/js/fullpage.8.1.8.js, line 1: unreachable code after return statement
JavaScript warning: https://static.geetest.com/static/js/fullpage.8.1.8.js, line 1: unreachable code after return statement
JavaScript warning: https://static.geetest.com/static/js/fullpage.8.1.8.js, line 1: unreachable code after return statement
JavaScript warning: https://static.geetest.com/static/js/fullpage.8.1.8.js, line 1: unreachable code after return statement
JavaScript warning: https://static.geetest.com/static/js/fullpage.8.1.8.js, line 1: unreachable code after return statement
JavaScript warning: https://static.geetest.com/static/js/fullpage.8.1.8.js, line 1: unreachable code after return statement
JavaScript warning: https://static.geetest.com/static/js/fullpage.8.1.8.js, line 1: unreachable code after return statement
JavaScript warning: https://static.geetest.com/static/js/fullpage.8.1.8.js, line 1: unreachable code after return statement
JavaScript warning: https://static.geetest.com/static/js/fullpage.8.1.8.js, line 1: unreachable code after return statement
JavaScript warning: https://static.geetest.com/static/js/fullpage.8.1.8.js, line 1: unreachable code after return statement
JavaScript warning: https://static.geetest.com/static/js/fullpage.8.1.8.js, line 1: unreachable code after return statement
JavaScript warning: https://static.geetest.com/static/js/fullpage.8.1.8.js, line 1: unreachable code after return statement
JavaScript warning: https://static.geetest.com/static/js/fullpage.8.1.8.js, line 1: unreachable code after return statement
JavaScript warning: https://static.geetest.com/static/js/fullpage.8.1.8.js, line 1: unreachable code after return statement
JavaScript warning: https://static.geetest.com/static/js/fullpage.8.1.8.js, line 1: unreachable code after return statement
JavaScript warning: https://static.geetest.com/static/js/fullpage.8.1.8.js, line 1: unreachable code after return statement
JavaScript warning: https://static.geetest.com/static/js/fullpage.8.1.8.js, line 1: unreachable code after return statement
JavaScript warning: https://static.geetest.com/static/js/fullpage.8.1.8.js, line 1: unreachable code after return statement
JavaScript warning: https://static.geetest.com/static/js/fullpage.8.1.8.js, line 1: unreachable code after return statement
JavaScript warning: https://static.geetest.com/static/js/fullpage.8.1.8.js, line 1: unreachable code after return statement
JavaScript warning: https://static.geetest.com/static/js/fullpage.8.1.8.js, line 1: unreachable code after return statement
JavaScript warning: https://static.geetest.com/static/js/fullpage.8.1.8.js, line 1: unreachable code after return statement
JavaScript warning: https://static.geetest.com/static/js/fullpage.8.1.8.js, line 1: unreachable code after return statement
JavaScript warning: https://static.geetest.com/static/js/fullpage.8.1.8.js, line 1: unreachable code after return statement
JavaScript warning: https://static.geetest.com/static/js/fullpage.8.1.8.js, line 1: unreachable code after return statement
JavaScript warning: https://static.geetest.com/static/js/fullpage.8.1.8.js, line 1: unreachable code after return statement
JavaScript warning: https://static.geetest.com/static/js/fullpage.8.1.8.js, line 1: unreachable code after return statement
JavaScript warning: https://static.geetest.com/static/js/fullpage.8.1.8.js, line 1: unreachable code after return statement
JavaScript warning: https://static.geetest.com/static/js/fullpage.8.1.8.js, line 1: unreachable code after return statement
JavaScript warning: https://static.geetest.com/static/js/fullpage.8.1.8.js, line 1: unreachable code after return statement
JavaScript warning: https://static.geetest.com/static/js/fullpage.8.1.8.js, line 1: unreachable code after return statement
JavaScript warning: https://static.geetest.com/static/js/fullpage.8.1.8.js, line 1: unreachable code after return statement
JavaScript warning: https://static.geetest.com/static/js/fullpage.8.1.8.js, line 1: unreachable code after return statement
JavaScript warning: https://static.geetest.com/static/js/fullpage.8.1.8.js, line 1: unreachable code after return statement
JavaScript warning: https://static.geetest.com/static/js/fullpage.8.1.8.js, line 1: unreachable code after return statement
JavaScript warning: https://static.geetest.com/static/js/fullpage.8.1.8.js, line 1: unreachable code after return statement
JavaScript warning: https://static.geetest.com/static/js/fullpage.8.1.8.js, line 1: unreachable code after return statement
JavaScript warning: https://static.geetest.com/static/js/fullpage.8.1.8.js, line 1: unreachable code after return statement
JavaScript warning: https://static.geetest.com/static/js/fullpage.8.1.8.js, line 1: unreachable code after return statement
JavaScript warning: https://static.geetest.com/static/js/fullpage.8.1.8.js, line 1: unreachable code after return statement
JavaScript warning: https://static.geetest.com/static/js/fullpage.8.1.8.js, line 1: unreachable code after return statement
JavaScript warning: https://static.geetest.com/static/js/fullpage.8.1.8.js, line 1: unreachable code after return statement
JavaScript warning: https://static.geetest.com/static/js/fullpage.8.1.8.js, line 1: unreachable code after return statement
JavaScript warning: https://static.geetest.com/static/js/fullpage.8.1.8.js, line 1: unreachable code after return statement
JavaScript warning: https://static.geetest.com/static/js/fullpage.8.1.8.js, line 1: unreachable code after return statement
JavaScript warning: https://static.geetest.com/static/js/fullpage.8.1.8.js, line 1: unreachable code after return statement
JavaScript warning: https://static.geetest.com/static/js/fullpage.8.1.8.js, line 1: unreachable code after return statement
JavaScript warning: https://static.geetest.com/static/js/fullpage.8.1.8.js, line 1: unreachable code after return statement
JavaScript warning: https://static.geetest.com/static/js/fullpage.8.1.8.js, line 1: unreachable code after return statement
JavaScript warning: https://static.geetest.com/static/js/fullpage.8.1.8.js, line 1: unreachable code after return statement
JavaScript warning: https://static.geetest.com/static/js/fullpage.8.1.8.js, line 1: unreachable code after return statement
JavaScript warning: https://static.geetest.com/static/js/fullpage.8.1.8.js, line 1: unreachable code after return statement
JavaScript warning: https://static.geetest.com/static/js/fullpage.8.1.8.js, line 1: unreachable code after return statement
JavaScript warning: https://static.geetest.com/static/js/fullpage.8.1.8.js, line 1: unreachable code after return statement
JavaScript warning: https://static.geetest.com/static/js/fullpage.8.1.8.js, line 1: unreachable code after return statement
JavaScript warning: https://static.geetest.com/static/js/fullpage.8.1.8.js, line 1: unreachable code after return statement
JavaScript warning: https://static.geetest.com/static/js/fullpage.8.1.8.js, line 1: unreachable code after return statement
JavaScript warning: https://static.geetest.com/static/js/fullpage.8.1.8.js, line 1: unreachable code after return statement
JavaScript warning: https://static.geetest.com/static/js/fullpage.8.1.8.js, line 1: unreachable code after return statement
JavaScript warning: https://static.geetest.com/static/js/fullpage.8.1.8.js, line 1: unreachable code after return statement
JavaScript warning: https://static.geetest.com/static/js/fullpage.8.1.8.js, line 1: unreachable code after return statement
JavaScript warning: https://static.geetest.com/static/js/fullpage.8.1.8.js, line 1: unreachable code after return statement
JavaScript warning: https://static.geetest.com/static/js/fullpage.8.1.8.js, line 1: unreachable code after return statement
JavaScript warning: https://static.geetest.com/static/js/fullpage.8.1.8.js, line 1: unreachable code after return statement
JavaScript warning: https://static.geetest.com/static/js/fullpage.8.1.8.js, line 1: unreachable code after return statement
JavaScript warning: https://static.geetest.com/static/js/fullpage.8.1.8.js, line 1: unreachable code after return statement
JavaScript warning: https://static.geetest.com/static/js/fullpage.8.1.8.js, line 1: unreachable code after return statement
JavaScript warning: https://static.geetest.com/static/js/fullpage.8.1.8.js, line 1: unreachable code after return statement
JavaScript warning: https://static.geetest.com/static/js/fullpage.8.1.8.js, line 1: unreachable code after return statement
JavaScript warning: https://static.geetest.com/static/js/fullpage.8.1.8.js, line 1: unreachable code after return statement
JavaScript warning: https://static.geetest.com/static/js/fullpage.8.1.8.js, line 1: unreachable code after return statement
JavaScript warning: https://static.geetest.com/static/js/fullpage.8.1.8.js, line 1: unreachable code after return statement
JavaScript warning: https://static.geetest.com/static/js/fullpage.8.1.8.js, line 1: unreachable code after return statement
JavaScript warning: https://static.geetest.com/static/js/fullpage.8.1.8.js, line 1: unreachable code after return statement
JavaScript warning: https://static.geetest.com/static/js/fullpage.8.1.8.js, line 1: unreachable code after return statement
JavaScript warning: https://static.geetest.com/static/js/fullpage.8.1.8.js, line 1: unreachable code after return statement
JavaScript warning: https://static.geetest.com/static/js/fullpage.8.1.8.js, line 1: unreachable code after return statement
JavaScript warning: https://static.geetest.com/static/js/fullpage.8.1.8.js, line 1: unreachable code after return statement
JavaScript warning: https://static.geetest.com/static/js/fullpage.8.1.8.js, line 1: unreachable code after return statement
JavaScript warning: https://static.geetest.com/static/js/fullpage.8.1.8.js, line 1: unreachable code after return statement
JavaScript warning: https://static.geetest.com/static/js/fullpage.8.1.8.js, line 1: unreachable code after return statement
JavaScript warning: https://static.geetest.com/static/js/fullpage.8.1.8.js, line 1: unreachable code after return statement
JavaScript warning: https://static.geetest.com/static/js/fullpage.8.1.8.js, line 1: unreachable code after return statement
JavaScript warning: https://static.geetest.com/static/js/fullpage.8.1.8.js, line 1: unreachable code after return statement
JavaScript warning: https://static.geetest.com/static/js/fullpage.8.1.8.js, line 1: unreachable code after return statement
JavaScript warning: https://static.geetest.com/static/js/fullpage.8.1.8.js, line 1: unreachable code after return statement
JavaScript warning: https://static.geetest.com/static/js/fullpage.8.1.8.js, line 1: unreachable code after return statement
JavaScript warning: https://static.geetest.com/static/js/fullpage.8.1.8.js, line 1: unreachable code after return statement
JavaScript warning: https://static.geetest.com/static/js/fullpage.8.1.8.js, line 1: unreachable code after return statement
JavaScript warning: https://static.geetest.com/static/js/fullpage.8.1.8.js, line 1: unreachable code after return statement
JavaScript warning: https://static.geetest.com/static/js/fullpage.8.1.8.js, line 1: unreachable code after return statement
JavaScript warning: https://static.geetest.com/static/js/fullpage.8.1.8.js, line 1: unreachable code after return statement
JavaScript warning: https://static.geetest.com/static/js/fullpage.8.1.8.js, line 1: unreachable code after return statement
JavaScript warning: https://static.geetest.com/static/js/fullpage.8.1.8.js, line 1: unreachable code after return statement
JavaScript warning: https://static.geetest.com/static/js/fullpage.8.1.8.js, line 1: unreachable code after return statement
JavaScript warning: https://static.geetest.com/static/js/fullpage.8.1.8.js, line 1: unreachable code after return statement
JavaScript warning: https://static.geetest.com/static/js/fullpage.8.1.8.js, line 1: unreachable code after return statement
JavaScript warning: https://static.geetest.com/static/js/fullpage.8.1.8.js, line 1: unreachable code after return statement
JavaScript warning: https://static.geetest.com/static/js/fullpage.8.1.8.js, line 1: unreachable code after return statement
JavaScript warning: https://static.geetest.com/static/js/fullpage.8.1.8.js, line 1: unreachable code after return statement
JavaScript warning: https://static.geetest.com/static/js/fullpage.8.1.8.js, line 1: unreachable code after return statement
JavaScript warning: https://static.geetest.com/static/js/fullpage.8.1.8.js, line 1: unreachable code after return statement
JavaScript warning: https://static.geetest.com/static/js/fullpage.8.1.8.js, line 1: unreachable code after return statement
JavaScript warning: https://static.geetest.com/static/js/fullpage.8.1.8.js, line 1: unreachable code after return statement
JavaScript warning: https://static.geetest.com/static/js/fullpage.8.1.8.js, line 1: unreachable code after return statement
JavaScript warning: https://static.geetest.com/static/js/fullpage.8.1.8.js, line 1: unreachable code after return statement
JavaScript warning: https://static.geetest.com/static/js/fullpage.8.1.8.js, line 1: unreachable code after return statement
JavaScript warning: https://static.geetest.com/static/js/fullpage.8.1.8.js, line 1: unreachable code after return statement
JavaScript warning: https://static.geetest.com/static/js/fullpage.8.1.8.js, line 1: unreachable code after return statement
JavaScript warning: https://static.geetest.com/static/js/fullpage.8.1.8.js, line 1: unreachable code after return statement
JavaScript warning: https://static.geetest.com/static/js/fullpage.8.1.8.js, line 1: unreachable code after return statement
JavaScript warning: https://static.geetest.com/static/js/fullpage.8.1.8.js, line 1: unreachable code after return statement
JavaScript warning: https://static.geetest.com/static/js/fullpage.8.1.8.js, line 1: unreachable code after return statement
JavaScript warning: https://static.geetest.com/static/js/fullpage.8.1.8.js, line 1: unreachable code after return statement
JavaScript warning: https://static.geetest.com/static/js/fullpage.8.1.8.js, line 1: unreachable code after return statement
JavaScript warning: https://static.geetest.com/static/js/fullpage.8.1.8.js, line 1: unreachable code after return statement
JavaScript warning: https://static.geetest.com/static/js/fullpage.8.1.8.js, line 1: unreachable code after return statement
JavaScript warning: https://static.geetest.com/static/js/fullpage.8.1.8.js, line 1: unreachable code after return statement
[Child 1004] ###!!! ABORT: Aborting on channel error.: file c:/builds/moz2_slave/m-rel-w64-00000000000000000000/build/src/ipc/glue/MessageChannel.cpp, line 2056
1511508350822	geckodriver	INFO	Listening on 127.0.0.1:63597
1511508353098	mozprofile::profile	INFO	Using profile path C:\Users\DELL\AppData\Local\Temp\rust_mozprofile.BQK2HnfvprlN
1511508353124	geckodriver::marionette	INFO	Starting browser C:\Program Files\Mozilla Firefox\firefox.exe
1511508353232	geckodriver::marionette	INFO	Connecting to Marionette on localhost:63608
1511508356470	Marionette	INFO	Listening on port 63608
1511508422587	addons.productaddons	WARN	Failed downloading XML, status: 0, reason: error
1511508493576	geckodriver	INFO	Listening on 127.0.0.1:63943
1511508495755	mozprofile::profile	INFO	Using profile path C:\Users\DELL\AppData\Local\Temp\rust_mozprofile.s71F0UzEp1vY
1511508495789	geckodriver::marionette	INFO	Starting browser C:\Program Files\Mozilla Firefox\firefox.exe
1511508495838	geckodriver::marionette	INFO	Connecting to Marionette on localhost:63950
1511508498676	Marionette	INFO	Listening on port 63950
1511508581279	addons.productaddons	WARN	Failed downloading XML, status: 0, reason: timeout
[Child 16032] WARNING: pipe error: 109: file c:/builds/moz2_slave/m-rel-w64-00000000000000000000/build/src/ipc/chromium/src/chrome/common/ipc_channel_win.cc, line 346
[Child 16032] WARNING: pipe error: 109: file c:/builds/moz2_slave/m-rel-w64-00000000000000000000/build/src/ipc/chromium/src/chrome/common/ipc_channel_win.cc, line 346
1511508739064	geckodriver	INFO	Listening on 127.0.0.1:64188
1511508741157	mozprofile::profile	INFO	Using profile path C:\Users\DELL\AppData\Local\Temp\rust_mozprofile.cHhn8SrmTaUo
1511508741176	geckodriver::marionette	INFO	Starting browser C:\Program Files\Mozilla Firefox\firefox.exe
1511508741218	geckodriver::marionette	INFO	Connecting to Marionette on localhost:64194
1511508743601	Marionette	INFO	Listening on port 64194
1511508826296	addons.productaddons	WARN	Failed downloading XML, status: 0, reason: timeout
1511509089705	geckodriver	INFO	Listening on 127.0.0.1:64739
1511509091874	mozprofile::profile	INFO	Using profile path C:\Users\DELL\AppData\Local\Temp\rust_mozprofile.7V9l1DVVdkEB
1511509091900	geckodriver::marionette	INFO	Starting browser C:\Program Files\Mozilla Firefox\firefox.exe
1511509092118	geckodriver::marionette	INFO	Connecting to Marionette on localhost:64754
1511509097186	Marionette	INFO	Listening on port 64754
1511509123619	geckodriver	INFO	Listening on 127.0.0.1:64876
1511509125964	mozprofile::profile	INFO	Using profile path C:\Users\DELL\AppData\Local\Temp\rust_mozprofile.SjcC43haWb74
1511509126023	geckodriver::marionette	INFO	Starting browser C:\Program Files\Mozilla Firefox\firefox.exe
1511509126087	geckodriver::marionette	INFO	Connecting to Marionette on localhost:64887
1511509129761	Marionette	INFO	Listening on port 64887
1511509178958	geckodriver	INFO	Listening on 127.0.0.1:65053
1511509181161	mozprofile::profile	INFO	Using profile path C:\Users\DELL\AppData\Local\Temp\rust_mozprofile.TikQxF5l0Xok
1511509181182	geckodriver::marionette	INFO	Starting browser C:\Program Files\Mozilla Firefox\firefox.exe
1511509181234	geckodriver::marionette	INFO	Connecting to Marionette on localhost:65071
1511509186000	Marionette	INFO	Listening on port 65071
[Child 15772] WARNING: pipe error: 109: file c:/builds/moz2_slave/m-rel-w64-00000000000000000000/build/src/ipc/chromium/src/chrome/common/ipc_channel_win.cc, line 346
1511509288969	geckodriver	INFO	Listening on 127.0.0.1:49222
1511509291171	mozprofile::profile	INFO	Using profile path C:\Users\DELL\AppData\Local\Temp\rust_mozprofile.A4w95LRD56Rm
1511509291203	geckodriver::marionette	INFO	Starting browser C:\Program Files\Mozilla Firefox\firefox.exe
1511509291300	geckodriver::marionette	INFO	Connecting to Marionette on localhost:49245
1511509294794	Marionette	INFO	Listening on port 49245
1513318252431	geckodriver	INFO	Listening on 127.0.0.1:51847
1513318254676	mozprofile::profile	INFO	Using profile path C:\Users\DELL\AppData\Local\Temp\rust_mozprofile.vjHiJhUQsptT
1513318254705	geckodriver::marionette	INFO	Starting browser C:\Program Files\Mozilla Firefox\firefox.exe
1513318254859	geckodriver::marionette	INFO	Connecting to Marionette on localhost:51854
1513318258153	Marionette	INFO	Listening on port 51854
JavaScript warning: http://xmwa1709117.php.hzxmnet.com/Public/Package/jquery/1.9.1/jquery.min.js, line 1: Using //@ to indicate sourceMappingURL pragmas is deprecated. Use //# instead
[Child 2020] ###!!! ABORT: Aborting on channel error.: file c:/builds/moz2_slave/m-rel-w64-00000000000000000000/build/src/ipc/glue/MessageChannel.cpp, line 2056
1513318529241	geckodriver	INFO	Listening on 127.0.0.1:52175
1513318531416	mozprofile::profile	INFO	Using profile path C:\Users\DELL\AppData\Local\Temp\rust_mozprofile.rf8pv3qlgwHI
1513318531465	geckodriver::marionette	INFO	Starting browser C:\Program Files\Mozilla Firefox\firefox.exe
1513318531591	geckodriver::marionette	INFO	Connecting to Marionette on localhost:52181
1513318535637	Marionette	INFO	Listening on port 52181
JavaScript warning: http://xmwa1709117.php.hzxmnet.com/Public/Package/jquery/1.9.1/jquery.min.js, line 1: Using //@ to indicate sourceMappingURL pragmas is deprecated. Use //# instead
[Child 5388] ###!!! ABORT: Aborting on channel error.: file c:/builds/moz2_slave/m-rel-w64-00000000000000000000/build/src/ipc/glue/MessageChannel.cpp, line 2056
1513318568921	geckodriver	INFO	Listening on 127.0.0.1:52240
1513318571039	mozprofile::profile	INFO	Using profile path C:\Users\DELL\AppData\Local\Temp\rust_mozprofile.V1rA2lFXldIv
1513318571059	geckodriver::marionette	INFO	Starting browser C:\Program Files\Mozilla Firefox\firefox.exe
1513318571097	geckodriver::marionette	INFO	Connecting to Marionette on localhost:52253
1513318574124	Marionette	INFO	Listening on port 52253
JavaScript warning: http://xmwa1709117.php.hzxmnet.com/Public/Package/jquery/1.9.1/jquery.min.js, line 1: Using //@ to indicate sourceMappingURL pragmas is deprecated. Use //# instead
[Child 11824] ###!!! ABORT: Aborting on channel error.: file c:/builds/moz2_slave/m-rel-w64-00000000000000000000/build/src/ipc/glue/MessageChannel.cpp, line 2056

###!!! [Child][MessageChannel] Error: (msgtype=0x1060003,name=PTexture::Msg_Destroy) Channel error: cannot send/recv


###!!! [Child][MessageChannel] Error: (msgtype=0x1060003,name=PTexture::Msg_Destroy) Channel error: cannot send/recv


###!!! [Child][MessageChannel] Error: (msgtype=0x420003,name=PCompositable::Msg_Destroy) Channel error: cannot send/recv


###!!! [Child][MessageChannel] Error: (msgtype=0x420003,name=PCompositable::Msg_Destroy) Channel error: cannot send/recv


###!!! [Child][MessageChannel] Error: (msgtype=0x420003,name=PCompositable::Msg_Destroy) Channel error: cannot send/recv


###!!! [Child][MessageChannel] Error: (msgtype=0x1060003,name=PTexture::Msg_Destroy) Channel error: cannot send/recv


###!!! [Child][MessageChannel] Error: (msgtype=0x1060003,name=PTexture::Msg_Destroy) Channel error: cannot send/recv


###!!! [Child][MessageChannel] Error: (msgtype=0x420003,name=PCompositable::Msg_Destroy) Channel error: cannot send/recv

1513322912387	geckodriver	INFO	Listening on 127.0.0.1:57040
1513322914544	mozprofile::profile	INFO	Using profile path C:\Users\DELL\AppData\Local\Temp\rust_mozprofile.LKw9dTpQBXRW
1513322914565	geckodriver::marionette	INFO	Starting browser C:\Program Files\Mozilla Firefox\firefox.exe
1513322914681	geckodriver::marionette	INFO	Connecting to Marionette on localhost:57047
1513322916994	Marionette	INFO	Listening on port 57047
JavaScript warning: http://xmwa1709117.php.hzxmnet.com/Public/Package/jquery/1.9.1/jquery.min.js, line 1: Using //@ to indicate sourceMappingURL pragmas is deprecated. Use //# instead
JavaScript warning: http://xmwa1709117.php.hzxmnet.com/Public/Package/jquery/1.9.1/jquery.min.js, line 1: Using //@ to indicate sourceMappingURL pragmas is deprecated. Use //# instead
JavaScript warning: http://xmwa1709117.php.hzxmnet.com/Public/Package/jquery/1.9.1/jquery.min.js, line 1: Using //@ to indicate sourceMappingURL pragmas is deprecated. Use //# instead
[Child 10788] ###!!! ABORT: Aborting on channel error.: file c:/builds/moz2_slave/m-rel-w64-00000000000000000000/build/src/ipc/glue/MessageChannel.cpp, line 2056
1513322973824	geckodriver	INFO	Listening on 127.0.0.1:57115
1513322975898	mozprofile::profile	INFO	Using profile path C:\Users\DELL\AppData\Local\Temp\rust_mozprofile.CMKy693rIxOc
1513322975915	geckodriver::marionette	INFO	Starting browser C:\Program Files\Mozilla Firefox\firefox.exe
1513322975942	geckodriver::marionette	INFO	Connecting to Marionette on localhost:57121
1513322977609	Marionette	INFO	Listening on port 57121
JavaScript warning: http://xmwa1709117.php.hzxmnet.com/Public/Package/jquery/1.9.1/jquery.min.js, line 1: Using //@ to indicate sourceMappingURL pragmas is deprecated. Use //# instead
JavaScript warning: http://xmwa1709117.php.hzxmnet.com/Public/Package/jquery/1.9.1/jquery.min.js, line 1: Using //@ to indicate sourceMappingURL pragmas is deprecated. Use //# instead
JavaScript warning: http://xmwa1709117.php.hzxmnet.com/Public/Package/jquery/1.9.1/jquery.min.js, line 1: Using //@ to indicate sourceMappingURL pragmas is deprecated. Use //# instead
JavaScript warning: http://xmwa1709117.php.hzxmnet.com/Public/Package/jquery/1.9.1/jquery.min.js, line 1: Using //@ to indicate sourceMappingURL pragmas is deprecated. Use //# instead
[Child 32] ###!!! ABORT: Aborting on channel error.: file c:/builds/moz2_slave/m-rel-w64-00000000000000000000/build/src/ipc/glue/MessageChannel.cpp, line 2056
1513324048933	geckodriver	INFO	Listening on 127.0.0.1:57588
1513324051030	mozprofile::profile	INFO	Using profile path C:\Users\DELL\AppData\Local\Temp\rust_mozprofile.CJYeki8kyFfc
1513324051050	geckodriver::marionette	INFO	Starting browser C:\Program Files\Mozilla Firefox\firefox.exe
1513324051079	geckodriver::marionette	INFO	Connecting to Marionette on localhost:57594
1513324052346	Marionette	INFO	Listening on port 57594
JavaScript warning: http://xmwa1709117.php.hzxmnet.com/Public/Package/jquery/1.9.1/jquery.min.js, line 1: Using //@ to indicate sourceMappingURL pragmas is deprecated. Use //# instead
JavaScript warning: http://xmwa1709117.php.hzxmnet.com/Public/Package/jquery/1.9.1/jquery.min.js, line 1: Using //@ to indicate sourceMappingURL pragmas is deprecated. Use //# instead
JavaScript warning: http://xmwa1709117.php.hzxmnet.com/Public/Package/jquery/1.9.1/jquery.min.js, line 1: Using //@ to indicate sourceMappingURL pragmas is deprecated. Use //# instead
JavaScript warning: http://xmwa1709117.php.hzxmnet.com/Public/Package/jquery/1.9.1/jquery.min.js, line 1: Using //@ to indicate sourceMappingURL pragmas is deprecated. Use //# instead
[Child 12156] ###!!! ABORT: Aborting on channel error.: file c:/builds/moz2_slave/m-rel-w64-00000000000000000000/build/src/ipc/glue/MessageChannel.cpp, line 2056
1513324380326	geckodriver	INFO	Listening on 127.0.0.1:57714
1513324382424	mozprofile::profile	INFO	Using profile path C:\Users\DELL\AppData\Local\Temp\rust_mozprofile.AhLd5wyGCzQi
1513324382442	geckodriver::marionette	INFO	Starting browser C:\Program Files\Mozilla Firefox\firefox.exe
1513324382472	geckodriver::marionette	INFO	Connecting to Marionette on localhost:57720
1513324383789	Marionette	INFO	Listening on port 57720
JavaScript warning: http://xmwa1709117.php.hzxmnet.com/Public/Package/jquery/1.9.1/jquery.min.js, line 1: Using //@ to indicate sourceMappingURL pragmas is deprecated. Use //# instead
JavaScript warning: http://xmwa1709117.php.hzxmnet.com/Public/Package/jquery/1.9.1/jquery.min.js, line 1: Using //@ to indicate sourceMappingURL pragmas is deprecated. Use //# instead
JavaScript warning: http://xmwa1709117.php.hzxmnet.com/Public/Package/jquery/1.9.1/jquery.min.js, line 1: Using //@ to indicate sourceMappingURL pragmas is deprecated. Use //# instead
JavaScript warning: http://xmwa1709117.php.hzxmnet.com/Public/Package/jquery/1.9.1/jquery.min.js, line 1: Using //@ to indicate sourceMappingURL pragmas is deprecated. Use //# instead
[Child 1460] ###!!! ABORT: Aborting on channel error.: file c:/builds/moz2_slave/m-rel-w64-00000000000000000000/build/src/ipc/glue/MessageChannel.cpp, line 2056
1515568742111	geckodriver	INFO	Listening on 127.0.0.1:55137
1515568744319	mozprofile::profile	INFO	Using profile path C:\Users\DELL\AppData\Local\Temp\rust_mozprofile.6RQYmJE483Mm
1515568744338	geckodriver::marionette	INFO	Starting browser C:\Program Files\Mozilla Firefox\firefox.exe
1515568744492	geckodriver::marionette	INFO	Connecting to Marionette on localhost:55146
1515568747632	Marionette	INFO	Listening on port 55146
[Child 12432] ###!!! ABORT: Aborting on channel error.: file c:/builds/moz2_slave/m-rel-w64-00000000000000000000/build/src/ipc/glue/MessageChannel.cpp, line 2056
1515568958309	geckodriver	INFO	Listening on 127.0.0.1:55494
1515568960438	mozprofile::profile	INFO	Using profile path C:\Users\DELL\AppData\Local\Temp\rust_mozprofile.Pbuv5LJC6b8T
1515568960463	geckodriver::marionette	INFO	Starting browser C:\Program Files\Mozilla Firefox\firefox.exe
1515568960517	geckodriver::marionette	INFO	Connecting to Marionette on localhost:55501
1515568963183	Marionette	INFO	Listening on port 55501
[Child 2788] ###!!! ABORT: Aborting on channel error.: file c:/builds/moz2_slave/m-rel-w64-00000000000000000000/build/src/ipc/glue/MessageChannel.cpp, line 2056
