1500376654220	geckodriver	INFO	Listening on 127.0.0.1:59363
1500376656360	mozprofile::profile	INFO	Using profile path C:\Users\DELL\AppData\Local\Temp\rust_mozprofile.NMZfj4cSMjdw
1500376656396	geckodriver::marionette	INFO	Starting browser C:\Program Files\Mozilla Firefox\firefox.exe
1500376656578	geckodriver::marionette	INFO	Connecting to Marionette on localhost:59369
1500376658240	Marionette	INFO	Listening on port 59369
1500552158181	geckodriver	INFO	Listening on 127.0.0.1:62807
1500552160460	mozprofile::profile	INFO	Using profile path C:\Users\DELL\AppData\Local\Temp\rust_mozprofile.IRakORCe2yhr
1500552160502	geckodriver::marionette	INFO	Starting browser C:\Program Files\Mozilla Firefox\firefox.exe
1500552160956	geckodriver::marionette	INFO	Connecting to Marionette on localhost:62813
1500552162701	Marionette	INFO	Listening on port 62813
JavaScript warning: http://r.ph.126.net/js/gen/base.js?v=20130129002, line 5700: unreachable code after return statement
JavaScript warning: http://dl.reg.163.com/src/mp-agent-finger.html?WEBZJVersion=1499243739959&pkid=jGPzMoH&product=blog, line 219: unreachable code after return statement
JavaScript warning: http://dl.reg.163.com/src/mp-agent-finger.html?WEBZJVersion=1499243739959&pkid=jGPzMoH&product=blog, line 219: unreachable code after return statement
JavaScript warning: http://r.ph.126.net/js/gen/base.js?v=20130129002, line 5700: unreachable code after return statement
[Child 11120] ###!!! ABORT: Aborting on channel error.: file c:/builds/moz2_slave/m-rel-w64-00000000000000000000/build/src/ipc/glue/MessageChannel.cpp, line 2056
1500552180897	geckodriver	INFO	Listening on 127.0.0.1:62973
1500552182964	mozprofile::profile	INFO	Using profile path C:\Users\DELL\AppData\Local\Temp\rust_mozprofile.VtswEEgIzOK0
1500552182997	geckodriver::marionette	INFO	Starting browser C:\Program Files\Mozilla Firefox\firefox.exe
1500552183073	geckodriver::marionette	INFO	Connecting to Marionette on localhost:62981
1500552184841	Marionette	INFO	Listening on port 62981
JavaScript warning: http://r.ph.126.net/js/gen/base.js?v=20130129002, line 5700: unreachable code after return statement
JavaScript warning: http://dl.reg.163.com/src/mp-agent-finger.html?WEBZJVersion=1499243739959&pkid=jGPzMoH&product=blog, line 219: unreachable code after return statement
JavaScript warning: http://dl.reg.163.com/src/mp-agent-finger.html?WEBZJVersion=1499243739959&pkid=jGPzMoH&product=blog, line 219: unreachable code after return statement
[Child 9688] ###!!! ABORT: Aborting on channel error.: file c:/builds/moz2_slave/m-rel-w64-00000000000000000000/build/src/ipc/glue/MessageChannel.cpp, line 2056
1500552199813	geckodriver	INFO	Listening on 127.0.0.1:63078
1500552201979	mozprofile::profile	INFO	Using profile path C:\Users\DELL\AppData\Local\Temp\rust_mozprofile.8k7erGvaynVw
1500552202022	geckodriver::marionette	INFO	Starting browser C:\Program Files\Mozilla Firefox\firefox.exe
1500552202092	geckodriver::marionette	INFO	Connecting to Marionette on localhost:63085
1500552203872	Marionette	INFO	Listening on port 63085
JavaScript warning: http://r.ph.126.net/js/gen/base.js?v=20130129002, line 5700: unreachable code after return statement
JavaScript warning: http://dl.reg.163.com/src/mp-agent-finger.html?WEBZJVersion=1499243739959&pkid=jGPzMoH&product=blog, line 219: unreachable code after return statement
JavaScript warning: http://dl.reg.163.com/src/mp-agent-finger.html?WEBZJVersion=1499243739959&pkid=jGPzMoH&product=blog, line 219: unreachable code after return statement
[Child 11736] ###!!! ABORT: Aborting on channel error.: file c:/builds/moz2_slave/m-rel-w64-00000000000000000000/build/src/ipc/glue/MessageChannel.cpp, line 2056
1500552219073	geckodriver	INFO	Listening on 127.0.0.1:63191
1500552221163	mozprofile::profile	INFO	Using profile path C:\Users\DELL\AppData\Local\Temp\rust_mozprofile.UZAaQoaWGkas
1500552221183	geckodriver::marionette	INFO	Starting browser C:\Program Files\Mozilla Firefox\firefox.exe
1500552221252	geckodriver::marionette	INFO	Connecting to Marionette on localhost:63198
1500552224444	Marionette	INFO	Listening on port 63198
JavaScript warning: http://r.ph.126.net/js/gen/base.js?v=20130129002, line 5700: unreachable code after return statement
JavaScript warning: http://dl.reg.163.com/src/mp-agent-finger.html?WEBZJVersion=1499243739959&pkid=jGPzMoH&product=blog, line 219: unreachable code after return statement
JavaScript warning: http://dl.reg.163.com/src/mp-agent-finger.html?WEBZJVersion=1499243739959&pkid=jGPzMoH&product=blog, line 219: unreachable code after return statement
[Child 11620] ###!!! ABORT: Aborting on channel error.: file c:/builds/moz2_slave/m-rel-w64-00000000000000000000/build/src/ipc/glue/MessageChannel.cpp, line 2056
1500552239396	geckodriver	INFO	Listening on 127.0.0.1:63302
1500552241521	mozprofile::profile	INFO	Using profile path C:\Users\DELL\AppData\Local\Temp\rust_mozprofile.Ybw1sq8Pm3vX
1500552241551	geckodriver::marionette	INFO	Starting browser C:\Program Files\Mozilla Firefox\firefox.exe
1500552241612	geckodriver::marionette	INFO	Connecting to Marionette on localhost:63310
1500552243718	Marionette	INFO	Listening on port 63310
JavaScript warning: http://r.ph.126.net/js/gen/base.js?v=20130129002, line 5700: unreachable code after return statement
JavaScript warning: http://dl.reg.163.com/src/mp-agent-finger.html?WEBZJVersion=1499243739959&pkid=jGPzMoH&product=blog, line 219: unreachable code after return statement
JavaScript warning: http://dl.reg.163.com/src/mp-agent-finger.html?WEBZJVersion=1499243739959&pkid=jGPzMoH&product=blog, line 219: unreachable code after return statement
[Child 9752] ###!!! ABORT: Aborting on channel error.: file c:/builds/moz2_slave/m-rel-w64-00000000000000000000/build/src/ipc/glue/MessageChannel.cpp, line 2056
1500554923320	geckodriver	INFO	Listening on 127.0.0.1:64979
1500554925503	mozprofile::profile	INFO	Using profile path C:\Users\DELL\AppData\Local\Temp\rust_mozprofile.9t4KJeExMPSv
1500554925527	geckodriver::marionette	INFO	Starting browser C:\Program Files\Mozilla Firefox\firefox.exe
1500554925588	geckodriver::marionette	INFO	Connecting to Marionette on localhost:64985
1500554927904	Marionette	INFO	Listening on port 64985
[Child 7384] WARNING: pipe error: 109: file c:/builds/moz2_slave/m-rel-w64-00000000000000000000/build/src/ipc/chromium/src/chrome/common/ipc_channel_win.cc, line 346
1500554959126	geckodriver	INFO	Listening on 127.0.0.1:65065
1500554961348	mozprofile::profile	INFO	Using profile path C:\Users\DELL\AppData\Local\Temp\rust_mozprofile.RlD7qmvqqPpf
1500554961377	geckodriver::marionette	INFO	Starting browser C:\Program Files\Mozilla Firefox\firefox.exe
1500554961426	geckodriver::marionette	INFO	Connecting to Marionette on localhost:65071
1500554963368	Marionette	INFO	Listening on port 65071
[Child 9708] ###!!! ABORT: Aborting on channel error.: file c:/builds/moz2_slave/m-rel-w64-00000000000000000000/build/src/ipc/glue/MessageChannel.cpp, line 2056
1501739559550	geckodriver	INFO	Listening on 127.0.0.1:50081
1501739561750	mozprofile::profile	INFO	Using profile path C:\Users\DELL\AppData\Local\Temp\rust_mozprofile.JyvMQo5jPYp0
1501739561772	geckodriver::marionette	INFO	Starting browser C:\Program Files\Mozilla Firefox\firefox.exe
1501739562409	geckodriver::marionette	INFO	Connecting to Marionette on localhost:50091
1501739565278	Marionette	INFO	Listening on port 50091
[Child 4228] ###!!! ABORT: Aborting on channel error.: file c:/builds/moz2_slave/m-rel-w64-00000000000000000000/build/src/ipc/glue/MessageChannel.cpp, line 2056
1503383546831	geckodriver	INFO	Listening on 127.0.0.1:55786
1503383549000	mozprofile::profile	INFO	Using profile path C:\Users\DELL\AppData\Local\Temp\rust_mozprofile.1lYI3ZmbNYXi
1503383549023	geckodriver::marionette	INFO	Starting browser C:\Program Files\Mozilla Firefox\firefox.exe
1503383549097	geckodriver::marionette	INFO	Connecting to Marionette on localhost:55795
1503383552842	Marionette	INFO	Listening on port 55795
[Child 12180] ###!!! ABORT: Aborting on channel error.: file c:/builds/moz2_slave/m-rel-w64-00000000000000000000/build/src/ipc/glue/MessageChannel.cpp, line 2056
1503384330635	geckodriver	INFO	Listening on 127.0.0.1:57593
1503384332712	mozprofile::profile	INFO	Using profile path C:\Users\DELL\AppData\Local\Temp\rust_mozprofile.Cunwo8TVd1AK
1503384332731	geckodriver::marionette	INFO	Starting browser C:\Program Files\Mozilla Firefox\firefox.exe
1503384332775	geckodriver::marionette	INFO	Connecting to Marionette on localhost:57603
1503384334573	Marionette	INFO	Listening on port 57603
[Child 12704] ###!!! ABORT: Aborting on channel error.: file c:/builds/moz2_slave/m-rel-w64-00000000000000000000/build/src/ipc/glue/MessageChannel.cpp, line 2056
1503384818301	geckodriver	INFO	Listening on 127.0.0.1:59171
1503384820476	mozprofile::profile	INFO	Using profile path C:\Users\DELL\AppData\Local\Temp\rust_mozprofile.LekvJFl1kbgF
1503384820503	geckodriver::marionette	INFO	Starting browser C:\Program Files\Mozilla Firefox\firefox.exe
1503384820563	geckodriver::marionette	INFO	Connecting to Marionette on localhost:59193
1503384822589	Marionette	INFO	Listening on port 59193
[Child 4924] ###!!! ABORT: Aborting on channel error.: file c:/builds/moz2_slave/m-rel-w64-00000000000000000000/build/src/ipc/glue/MessageChannel.cpp, line 2056
1503554269398	geckodriver	INFO	Listening on 127.0.0.1:51076
1503554271560	mozprofile::profile	INFO	Using profile path C:\Users\DELL\AppData\Local\Temp\rust_mozprofile.RR6oC6Od2mn3
1503554271583	geckodriver::marionette	INFO	Starting browser C:\Program Files\Mozilla Firefox\firefox.exe
1503554271659	geckodriver::marionette	INFO	Connecting to Marionette on localhost:51089
1503554273861	Marionette	INFO	Listening on port 51089
[Child 10740] ###!!! ABORT: Aborting on channel error.: file c:/builds/moz2_slave/m-rel-w64-00000000000000000000/build/src/ipc/glue/MessageChannel.cpp, line 2056
